[11-Sep-2018 23:55:16 UTC] PHP Warning:  require_once(secret.php): failed to open stream: No such file or directory in /home/ubuntu/workspace/Cruzados_Eve/users/devauthcallback.php on line 3
[11-Sep-2018 23:55:16 UTC] PHP Stack trace:
[11-Sep-2018 23:55:16 UTC] PHP   1. {main}() /home/ubuntu/workspace/Cruzados_Eve/users/devauthcallback.php:0
[11-Sep-2018 23:55:16 UTC] PHP Fatal error:  require_once(): Failed opening required 'secret.php' (include_path='.:/usr/share/php:/usr/share/pear') in /home/ubuntu/workspace/Cruzados_Eve/users/devauthcallback.php on line 3
[11-Sep-2018 23:55:16 UTC] PHP Stack trace:
[11-Sep-2018 23:55:16 UTC] PHP   1. {main}() /home/ubuntu/workspace/Cruzados_Eve/users/devauthcallback.php:0
[11-Sep-2018 23:57:47 UTC] PHP Fatal error:  Uncaught exception 'PDOException' with message 'SQLSTATE[HY000] [1045] Access denied for user 'auth'@'localhost' (using password: YES)' in /home/ubuntu/workspace/Cruzados_Eve/users/db.inc.php:1
Stack trace:
#0 /home/ubuntu/workspace/Cruzados_Eve/users/db.inc.php(1): PDO->__construct('mysql:host=loca...', 'auth', 'myawesomeauthpa...')
#1 /home/ubuntu/workspace/Cruzados_Eve/users/devauthcallback.php(68): require_once('/home/ubuntu/wo...')
#2 {main}
  thrown in /home/ubuntu/workspace/Cruzados_Eve/users/db.inc.php on line 1
[12-Sep-2018 00:12:33 UTC] 5b985679928be
[12-Sep-2018 00:12:33 UTC] 5b9855e23c9e6
[17-Sep-2018 11:07:28 UTC] PHP Parse error:  syntax error, unexpected end of file, expecting ',' or ';' in /home/ubuntu/workspace/Cruzados_Eve/users/whoami.php on line 7
[17-Sep-2018 11:10:14 UTC] PHP Parse error:  syntax error, unexpected '<' in /home/ubuntu/workspace/Cruzados_Eve/users/whoami.php on line 7
[17-Sep-2018 11:12:22 UTC] PHP Warning:  require_once(/home/ubuntu/workspace/Cruzados_Eve/users/vendor/autoload.php): failed to open stream: No such file or directory in /home/ubuntu/workspace/Cruzados_Eve/users/whoami.php on line 9
[17-Sep-2018 11:12:22 UTC] PHP Stack trace:
[17-Sep-2018 11:12:22 UTC] PHP   1. {main}() /home/ubuntu/workspace/Cruzados_Eve/users/whoami.php:0
[17-Sep-2018 11:12:22 UTC] PHP Fatal error:  require_once(): Failed opening required '/home/ubuntu/workspace/Cruzados_Eve/users/vendor/autoload.php' (include_path='.:/usr/share/php:/usr/share/pear') in /home/ubuntu/workspace/Cruzados_Eve/users/whoami.php on line 9
[17-Sep-2018 11:12:22 UTC] PHP Stack trace:
[17-Sep-2018 11:12:22 UTC] PHP   1. {main}() /home/ubuntu/workspace/Cruzados_Eve/users/whoami.php:0
[17-Sep-2018 11:12:52 UTC] PHP Warning:  require_once(/home/ubuntu/workspace/Cruzados_Eve/users/vendor/autoload.php): failed to open stream: No such file or directory in /home/ubuntu/workspace/Cruzados_Eve/users/whoami.php on line 9
[17-Sep-2018 11:12:52 UTC] PHP Stack trace:
[17-Sep-2018 11:12:52 UTC] PHP   1. {main}() /home/ubuntu/workspace/Cruzados_Eve/users/whoami.php:0
[17-Sep-2018 11:12:52 UTC] PHP Fatal error:  require_once(): Failed opening required '/home/ubuntu/workspace/Cruzados_Eve/users/vendor/autoload.php' (include_path='.:/usr/share/php:/usr/share/pear') in /home/ubuntu/workspace/Cruzados_Eve/users/whoami.php on line 9
[17-Sep-2018 11:12:52 UTC] PHP Stack trace:
[17-Sep-2018 11:12:52 UTC] PHP   1. {main}() /home/ubuntu/workspace/Cruzados_Eve/users/whoami.php:0
[17-Sep-2018 11:13:26 UTC] PHP Catchable fatal error:  Argument 1 passed to nullx27\ESI\Api\AssetsApi::__construct() must be an instance of nullx27\ESI\ApiClient, instance of GuzzleHttp\Client given, called in /home/ubuntu/workspace/Cruzados_Eve/users/whoami.php on line 19 and defined in /home/ubuntu/workspace/Cruzados_Eve/vendor/nullx27/esi-php/src/Api/AssetsApi.php on line 58
[17-Sep-2018 11:13:26 UTC] PHP Stack trace:
[17-Sep-2018 11:13:26 UTC] PHP   1. {main}() /home/ubuntu/workspace/Cruzados_Eve/users/whoami.php:0
[17-Sep-2018 11:13:26 UTC] PHP   2. nullx27\ESI\Api\AssetsApi->__construct() /home/ubuntu/workspace/Cruzados_Eve/users/whoami.php:19
[17-Sep-2018 11:13:58 UTC] PHP Parse error:  syntax error, unexpected '$apiInstance' (T_VARIABLE), expecting ',' or ';' in /home/ubuntu/workspace/Cruzados_Eve/users/whoami.php on line 14
[17-Sep-2018 11:14:07 UTC] PHP Catchable fatal error:  Object of class nullx27\ESI\Configuration could not be converted to string in /home/ubuntu/workspace/Cruzados_Eve/users/whoami.php on line 13
[17-Sep-2018 11:14:07 UTC] PHP Stack trace:
[17-Sep-2018 11:14:07 UTC] PHP   1. {main}() /home/ubuntu/workspace/Cruzados_Eve/users/whoami.php:0
[17-Sep-2018 11:14:39 UTC] PHP Catchable fatal error:  Argument 1 passed to nullx27\ESI\Api\AssetsApi::__construct() must be an instance of nullx27\ESI\ApiClient, instance of GuzzleHttp\Client given, called in /home/ubuntu/workspace/Cruzados_Eve/users/whoami.php on line 19 and defined in /home/ubuntu/workspace/Cruzados_Eve/vendor/nullx27/esi-php/src/Api/AssetsApi.php on line 58
[17-Sep-2018 11:14:39 UTC] PHP Stack trace:
[17-Sep-2018 11:14:39 UTC] PHP   1. {main}() /home/ubuntu/workspace/Cruzados_Eve/users/whoami.php:0
[17-Sep-2018 11:14:39 UTC] PHP   2. nullx27\ESI\Api\AssetsApi->__construct() /home/ubuntu/workspace/Cruzados_Eve/users/whoami.php:19
[17-Sep-2018 11:15:02 UTC] PHP Catchable fatal error:  Argument 1 passed to nullx27\ESI\Api\AssetsApi::__construct() must be an instance of nullx27\ESI\ApiClient, instance of GuzzleHttp\Client given, called in /home/ubuntu/workspace/Cruzados_Eve/users/whoami.php on line 19 and defined in /home/ubuntu/workspace/Cruzados_Eve/vendor/nullx27/esi-php/src/Api/AssetsApi.php on line 58
[17-Sep-2018 11:15:02 UTC] PHP Stack trace:
[17-Sep-2018 11:15:02 UTC] PHP   1. {main}() /home/ubuntu/workspace/Cruzados_Eve/users/whoami.php:0
[17-Sep-2018 11:15:02 UTC] PHP   2. nullx27\ESI\Api\AssetsApi->__construct() /home/ubuntu/workspace/Cruzados_Eve/users/whoami.php:19
[17-Sep-2018 11:15:36 UTC] PHP Catchable fatal error:  Argument 1 passed to nullx27\ESI\Api\AssetsApi::__construct() must be an instance of nullx27\ESI\ApiClient, instance of GuzzleHttp\Client given, called in /home/ubuntu/workspace/Cruzados_Eve/users/whoami.php on line 19 and defined in /home/ubuntu/workspace/Cruzados_Eve/vendor/nullx27/esi-php/src/Api/AssetsApi.php on line 58
[17-Sep-2018 11:15:36 UTC] PHP Stack trace:
[17-Sep-2018 11:15:36 UTC] PHP   1. {main}() /home/ubuntu/workspace/Cruzados_Eve/users/whoami.php:0
[17-Sep-2018 11:15:36 UTC] PHP   2. nullx27\ESI\Api\AssetsApi->__construct() /home/ubuntu/workspace/Cruzados_Eve/users/whoami.php:19
[17-Sep-2018 11:15:39 UTC] PHP Catchable fatal error:  Argument 1 passed to nullx27\ESI\Api\AssetsApi::__construct() must be an instance of nullx27\ESI\ApiClient, instance of GuzzleHttp\Client given, called in /home/ubuntu/workspace/Cruzados_Eve/users/whoami.php on line 19 and defined in /home/ubuntu/workspace/Cruzados_Eve/vendor/nullx27/esi-php/src/Api/AssetsApi.php on line 58
[17-Sep-2018 11:15:39 UTC] PHP Stack trace:
[17-Sep-2018 11:15:39 UTC] PHP   1. {main}() /home/ubuntu/workspace/Cruzados_Eve/users/whoami.php:0
[17-Sep-2018 11:15:39 UTC] PHP   2. nullx27\ESI\Api\AssetsApi->__construct() /home/ubuntu/workspace/Cruzados_Eve/users/whoami.php:19
[17-Sep-2018 11:16:52 UTC] PHP Catchable fatal error:  Argument 1 passed to nullx27\ESI\Api\AllianceApi::__construct() must be an instance of nullx27\ESI\ApiClient, instance of GuzzleHttp\Client given, called in /home/ubuntu/workspace/Cruzados_Eve/users/whoami.php on line 15 and defined in /home/ubuntu/workspace/Cruzados_Eve/vendor/nullx27/esi-php/src/Api/AllianceApi.php on line 58
[17-Sep-2018 11:16:52 UTC] PHP Stack trace:
[17-Sep-2018 11:16:52 UTC] PHP   1. {main}() /home/ubuntu/workspace/Cruzados_Eve/users/whoami.php:0
[17-Sep-2018 11:16:52 UTC] PHP   2. nullx27\ESI\Api\AllianceApi->__construct() /home/ubuntu/workspace/Cruzados_Eve/users/whoami.php:15
[17-Sep-2018 11:45:34 UTC] PHP Fatal error:  Uncaught Error: Call to undefined function curl_init() in /home/ubuntu/workspace/Cruzados_Eve/users/devauthcallback.php:27
Stack trace:
#0 {main}
  thrown in /home/ubuntu/workspace/Cruzados_Eve/users/devauthcallback.php on line 27
[17-Sep-2018 11:45:51 UTC] PHP Fatal error:  Uncaught Error: Call to undefined function curl_init() in /home/ubuntu/workspace/Cruzados_Eve/users/devauthcallback.php:27
Stack trace:
#0 {main}
  thrown in /home/ubuntu/workspace/Cruzados_Eve/users/devauthcallback.php on line 27
[17-Sep-2018 11:48:23 UTC] PHP Fatal error:  Uncaught Error: Call to undefined function curl_init() in /home/ubuntu/workspace/Cruzados_Eve/users/devauthcallback.php:27
Stack trace:
#0 {main}
  thrown in /home/ubuntu/workspace/Cruzados_Eve/users/devauthcallback.php on line 27
[17-Sep-2018 11:48:38 UTC] PHP Fatal error:  Uncaught Error: Call to undefined function curl_init() in /home/ubuntu/workspace/Cruzados_Eve/users/devauthcallback.php:27
Stack trace:
#0 {main}
  thrown in /home/ubuntu/workspace/Cruzados_Eve/users/devauthcallback.php on line 27
[17-Sep-2018 11:48:40 UTC] PHP Fatal error:  Uncaught Error: Call to undefined function curl_init() in /home/ubuntu/workspace/Cruzados_Eve/users/devauthcallback.php:27
Stack trace:
#0 {main}
  thrown in /home/ubuntu/workspace/Cruzados_Eve/users/devauthcallback.php on line 27
[17-Sep-2018 11:48:43 UTC] PHP Fatal error:  Uncaught Error: Call to undefined function curl_init() in /home/ubuntu/workspace/Cruzados_Eve/users/devauthcallback.php:27
Stack trace:
#0 {main}
  thrown in /home/ubuntu/workspace/Cruzados_Eve/users/devauthcallback.php on line 27
[17-Sep-2018 11:48:44 UTC] PHP Fatal error:  Uncaught Error: Call to undefined function curl_init() in /home/ubuntu/workspace/Cruzados_Eve/users/devauthcallback.php:27
Stack trace:
#0 {main}
  thrown in /home/ubuntu/workspace/Cruzados_Eve/users/devauthcallback.php on line 27
[17-Sep-2018 11:48:44 UTC] PHP Fatal error:  Uncaught Error: Call to undefined function curl_init() in /home/ubuntu/workspace/Cruzados_Eve/users/devauthcallback.php:27
Stack trace:
#0 {main}
  thrown in /home/ubuntu/workspace/Cruzados_Eve/users/devauthcallback.php on line 27
[17-Sep-2018 11:49:41 UTC] PHP Fatal error:  Uncaught Error: Call to undefined function curl_init() in /home/ubuntu/workspace/Cruzados_Eve/users/devauthcallback.php:27
Stack trace:
#0 {main}
  thrown in /home/ubuntu/workspace/Cruzados_Eve/users/devauthcallback.php on line 27
[17-Sep-2018 11:50:01 UTC] PHP Fatal error:  Uncaught Error: Call to undefined function curl_init() in /home/ubuntu/workspace/Cruzados_Eve/users/devauthcallback.php:27
Stack trace:
#0 {main}
  thrown in /home/ubuntu/workspace/Cruzados_Eve/users/devauthcallback.php on line 27
[17-Sep-2018 11:50:33 UTC] PHP Fatal error:  Uncaught Error: Call to undefined function curl_init() in /home/ubuntu/workspace/Cruzados_Eve/users/devauthcallback.php:27
Stack trace:
#0 {main}
  thrown in /home/ubuntu/workspace/Cruzados_Eve/users/devauthcallback.php on line 27
[17-Sep-2018 11:50:54 UTC] 5b9f8a2b92980
[17-Sep-2018 11:50:54 UTC] 5b9f9485adde3
[17-Sep-2018 11:51:48 UTC] PHP Parse error:  syntax error, unexpected ':', expecting ';' or '{' in /home/ubuntu/workspace/Cruzados_Eve/vendor/eveseat/eseye/src/Containers/EsiAuthentication.php on line 49
[17-Sep-2018 11:51:48 UTC] PHP Stack trace:
[17-Sep-2018 11:51:48 UTC] PHP   1. {main}() /home/ubuntu/workspace/Cruzados_Eve/users/whoami.php:0
[17-Sep-2018 11:51:48 UTC] PHP   2. spl_autoload_call() /home/ubuntu/workspace/Cruzados_Eve/users/whoami.php:17
[17-Sep-2018 11:51:48 UTC] PHP   3. Composer\Autoload\ClassLoader->loadClass() /home/ubuntu/workspace/Cruzados_Eve/users/whoami.php:17
[17-Sep-2018 11:51:48 UTC] PHP   4. Composer\Autoload\includeFile() /home/ubuntu/workspace/Cruzados_Eve/vendor/composer/ClassLoader.php:322
[17-Sep-2018 11:52:24 UTC] PHP Parse error:  syntax error, unexpected ':', expecting ';' or '{' in /home/ubuntu/workspace/Cruzados_Eve/vendor/eveseat/eseye/src/Containers/EsiAuthentication.php on line 49
[17-Sep-2018 11:52:24 UTC] PHP Stack trace:
[17-Sep-2018 11:52:24 UTC] PHP   1. {main}() /home/ubuntu/workspace/Cruzados_Eve/users/whoami.php:0
[17-Sep-2018 11:52:24 UTC] PHP   2. spl_autoload_call() /home/ubuntu/workspace/Cruzados_Eve/users/whoami.php:17
[17-Sep-2018 11:52:24 UTC] PHP   3. Composer\Autoload\ClassLoader->loadClass() /home/ubuntu/workspace/Cruzados_Eve/users/whoami.php:17
[17-Sep-2018 11:52:24 UTC] PHP   4. Composer\Autoload\includeFile() /home/ubuntu/workspace/Cruzados_Eve/vendor/composer/ClassLoader.php:322
[17-Sep-2018 11:55:58 UTC] Creating user details
[17-Sep-2018 11:55:58 UTC] PHP Fatal error:  Call to a member function prepare() on a non-object in /home/ubuntu/workspace/Cruzados_Eve/users/devauthcallback.php on line 88
[17-Sep-2018 11:55:58 UTC] PHP Stack trace:
[17-Sep-2018 11:55:58 UTC] PHP   1. {main}() /home/ubuntu/workspace/Cruzados_Eve/users/devauthcallback.php:0
[17-Sep-2018 11:56:22 UTC] No character ID returned
[17-Sep-2018 11:58:53 UTC] No character ID returned
[17-Sep-2018 11:58:56 UTC] No character ID returned
[17-Sep-2018 11:58:57 UTC] No character ID returned
[17-Sep-2018 12:07:14 UTC] PHP Fatal error:  Uncaught exception 'PDOException' with message 'SQLSTATE[HY000] [1045] Access denied for user 'auth'@'localhost' (using password: NO)' in /home/ubuntu/workspace/Cruzados_Eve/users/db.inc.php:1
Stack trace:
#0 /home/ubuntu/workspace/Cruzados_Eve/users/db.inc.php(1): PDO->__construct('mysql:host=loca...', 'auth', '')
#1 /home/ubuntu/workspace/Cruzados_Eve/users/devauthcallback.php(68): require_once('/home/ubuntu/wo...')
#2 {main}
  thrown in /home/ubuntu/workspace/Cruzados_Eve/users/db.inc.php on line 1
[17-Sep-2018 12:08:25 UTC] No character ID returned
[17-Sep-2018 12:08:34 UTC] PHP Fatal error:  Uncaught exception 'PDOException' with message 'SQLSTATE[HY000] [1045] Access denied for user ''@'localhost' (using password: NO)' in /home/ubuntu/workspace/Cruzados_Eve/users/db.inc.php:1
Stack trace:
#0 /home/ubuntu/workspace/Cruzados_Eve/users/db.inc.php(1): PDO->__construct('mysql:host=loca...')
#1 /home/ubuntu/workspace/Cruzados_Eve/users/devauthcallback.php(68): require_once('/home/ubuntu/wo...')
#2 {main}
  thrown in /home/ubuntu/workspace/Cruzados_Eve/users/db.inc.php on line 1
[17-Sep-2018 12:12:10 UTC] No character ID returned
[17-Sep-2018 12:12:21 UTC] Creating user details
[17-Sep-2018 12:12:21 UTC] Getting alliance details
[17-Sep-2018 12:12:21 UTC] Getting corporation details
[17-Sep-2018 12:12:21 UTC] user added to db
[17-Sep-2018 12:14:36 UTC] PHP Warning:  Invalid argument supplied for foreach() in /home/ubuntu/workspace/Cruzados_Eve/users/whoami.php on line 6
[17-Sep-2018 12:14:36 UTC] PHP Stack trace:
[17-Sep-2018 12:14:36 UTC] PHP   1. {main}() /home/ubuntu/workspace/Cruzados_Eve/users/whoami.php:0
[17-Sep-2018 12:14:59 UTC] PHP Warning:  Illegal string offset 'alliancename' in /home/ubuntu/workspace/Cruzados_Eve/users/whoami.php on line 7
[17-Sep-2018 12:14:59 UTC] PHP Stack trace:
[17-Sep-2018 12:14:59 UTC] PHP   1. {main}() /home/ubuntu/workspace/Cruzados_Eve/users/whoami.php:0
[17-Sep-2018 12:14:59 UTC] PHP Warning:  Illegal string offset 'corporationname' in /home/ubuntu/workspace/Cruzados_Eve/users/whoami.php on line 8
[17-Sep-2018 12:14:59 UTC] PHP Stack trace:
[17-Sep-2018 12:14:59 UTC] PHP   1. {main}() /home/ubuntu/workspace/Cruzados_Eve/users/whoami.php:0
[17-Sep-2018 12:15:26 UTC] PHP Warning:  Invalid argument supplied for foreach() in /home/ubuntu/workspace/Cruzados_Eve/users/whoami.php on line 6
[17-Sep-2018 12:15:26 UTC] PHP Stack trace:
[17-Sep-2018 12:15:26 UTC] PHP   1. {main}() /home/ubuntu/workspace/Cruzados_Eve/users/whoami.php:0
[17-Sep-2018 12:15:48 UTC] PHP Warning:  Invalid argument supplied for foreach() in /home/ubuntu/workspace/Cruzados_Eve/users/whoami.php on line 6
[17-Sep-2018 12:15:48 UTC] PHP Stack trace:
[17-Sep-2018 12:15:48 UTC] PHP   1. {main}() /home/ubuntu/workspace/Cruzados_Eve/users/whoami.php:0
[17-Sep-2018 12:16:31 UTC] PHP Warning:  Illegal string offset 'alliancename' in /home/ubuntu/workspace/Cruzados_Eve/users/whoami.php on line 7
[17-Sep-2018 12:16:31 UTC] PHP Stack trace:
[17-Sep-2018 12:16:31 UTC] PHP   1. {main}() /home/ubuntu/workspace/Cruzados_Eve/users/whoami.php:0
[17-Sep-2018 12:16:31 UTC] PHP Warning:  Illegal string offset 'corporationname' in /home/ubuntu/workspace/Cruzados_Eve/users/whoami.php on line 8
[17-Sep-2018 12:16:31 UTC] PHP Stack trace:
[17-Sep-2018 12:16:31 UTC] PHP   1. {main}() /home/ubuntu/workspace/Cruzados_Eve/users/whoami.php:0
[17-Sep-2018 12:16:31 UTC] PHP Warning:  Illegal string offset 'alliancename' in /home/ubuntu/workspace/Cruzados_Eve/users/whoami.php on line 7
[17-Sep-2018 12:16:31 UTC] PHP Stack trace:
[17-Sep-2018 12:16:31 UTC] PHP   1. {main}() /home/ubuntu/workspace/Cruzados_Eve/users/whoami.php:0
[17-Sep-2018 12:16:31 UTC] PHP Warning:  Illegal string offset 'corporationname' in /home/ubuntu/workspace/Cruzados_Eve/users/whoami.php on line 8
[17-Sep-2018 12:16:31 UTC] PHP Stack trace:
[17-Sep-2018 12:16:31 UTC] PHP   1. {main}() /home/ubuntu/workspace/Cruzados_Eve/users/whoami.php:0
[17-Sep-2018 12:16:31 UTC] PHP Warning:  Illegal string offset 'alliancename' in /home/ubuntu/workspace/Cruzados_Eve/users/whoami.php on line 7
[17-Sep-2018 12:16:31 UTC] PHP Stack trace:
[17-Sep-2018 12:16:31 UTC] PHP   1. {main}() /home/ubuntu/workspace/Cruzados_Eve/users/whoami.php:0
[17-Sep-2018 12:16:31 UTC] PHP Warning:  Illegal string offset 'corporationname' in /home/ubuntu/workspace/Cruzados_Eve/users/whoami.php on line 8
[17-Sep-2018 12:16:31 UTC] PHP Stack trace:
[17-Sep-2018 12:16:31 UTC] PHP   1. {main}() /home/ubuntu/workspace/Cruzados_Eve/users/whoami.php:0
[17-Sep-2018 12:16:31 UTC] PHP Warning:  Illegal string offset 'alliancename' in /home/ubuntu/workspace/Cruzados_Eve/users/whoami.php on line 7
[17-Sep-2018 12:16:31 UTC] PHP Stack trace:
[17-Sep-2018 12:16:31 UTC] PHP   1. {main}() /home/ubuntu/workspace/Cruzados_Eve/users/whoami.php:0
[17-Sep-2018 12:16:31 UTC] PHP Warning:  Illegal string offset 'corporationname' in /home/ubuntu/workspace/Cruzados_Eve/users/whoami.php on line 8
[17-Sep-2018 12:16:31 UTC] PHP Stack trace:
[17-Sep-2018 12:16:31 UTC] PHP   1. {main}() /home/ubuntu/workspace/Cruzados_Eve/users/whoami.php:0
[17-Sep-2018 12:16:31 UTC] PHP Warning:  Illegal string offset 'alliancename' in /home/ubuntu/workspace/Cruzados_Eve/users/whoami.php on line 7
[17-Sep-2018 12:16:31 UTC] PHP Stack trace:
[17-Sep-2018 12:16:31 UTC] PHP   1. {main}() /home/ubuntu/workspace/Cruzados_Eve/users/whoami.php:0
[17-Sep-2018 12:16:31 UTC] PHP Warning:  Illegal string offset 'corporationname' in /home/ubuntu/workspace/Cruzados_Eve/users/whoami.php on line 8
[17-Sep-2018 12:16:31 UTC] PHP Stack trace:
[17-Sep-2018 12:16:31 UTC] PHP   1. {main}() /home/ubuntu/workspace/Cruzados_Eve/users/whoami.php:0
[17-Sep-2018 12:16:31 UTC] PHP Warning:  Illegal string offset 'alliancename' in /home/ubuntu/workspace/Cruzados_Eve/users/whoami.php on line 7
[17-Sep-2018 12:16:31 UTC] PHP Stack trace:
[17-Sep-2018 12:16:31 UTC] PHP   1. {main}() /home/ubuntu/workspace/Cruzados_Eve/users/whoami.php:0
[17-Sep-2018 12:16:31 UTC] PHP Warning:  Illegal string offset 'corporationname' in /home/ubuntu/workspace/Cruzados_Eve/users/whoami.php on line 8
[17-Sep-2018 12:16:31 UTC] PHP Stack trace:
[17-Sep-2018 12:16:31 UTC] PHP   1. {main}() /home/ubuntu/workspace/Cruzados_Eve/users/whoami.php:0
[17-Sep-2018 12:18:01 UTC] PHP Warning:  Invalid argument supplied for foreach() in /home/ubuntu/workspace/Cruzados_Eve/users/whoami.php on line 7
[17-Sep-2018 12:18:01 UTC] PHP Stack trace:
[17-Sep-2018 12:18:01 UTC] PHP   1. {main}() /home/ubuntu/workspace/Cruzados_Eve/users/whoami.php:0
[17-Sep-2018 12:19:24 UTC] PHP Warning:  Illegal string offset 'alliancename' in /home/ubuntu/workspace/Cruzados_Eve/users/whoami.php on line 8
[17-Sep-2018 12:19:24 UTC] PHP Stack trace:
[17-Sep-2018 12:19:24 UTC] PHP   1. {main}() /home/ubuntu/workspace/Cruzados_Eve/users/whoami.php:0
[17-Sep-2018 12:19:24 UTC] PHP Warning:  Illegal string offset 'corporationname' in /home/ubuntu/workspace/Cruzados_Eve/users/whoami.php on line 9
[17-Sep-2018 12:19:24 UTC] PHP Stack trace:
[17-Sep-2018 12:19:24 UTC] PHP   1. {main}() /home/ubuntu/workspace/Cruzados_Eve/users/whoami.php:0
[17-Sep-2018 12:19:24 UTC] PHP Warning:  Illegal string offset 'alliancename' in /home/ubuntu/workspace/Cruzados_Eve/users/whoami.php on line 8
[17-Sep-2018 12:19:24 UTC] PHP Stack trace:
[17-Sep-2018 12:19:24 UTC] PHP   1. {main}() /home/ubuntu/workspace/Cruzados_Eve/users/whoami.php:0
[17-Sep-2018 12:19:24 UTC] PHP Warning:  Illegal string offset 'corporationname' in /home/ubuntu/workspace/Cruzados_Eve/users/whoami.php on line 9
[17-Sep-2018 12:19:24 UTC] PHP Stack trace:
[17-Sep-2018 12:19:24 UTC] PHP   1. {main}() /home/ubuntu/workspace/Cruzados_Eve/users/whoami.php:0
[17-Sep-2018 12:19:24 UTC] PHP Warning:  Illegal string offset 'alliancename' in /home/ubuntu/workspace/Cruzados_Eve/users/whoami.php on line 8
[17-Sep-2018 12:19:24 UTC] PHP Stack trace:
[17-Sep-2018 12:19:24 UTC] PHP   1. {main}() /home/ubuntu/workspace/Cruzados_Eve/users/whoami.php:0
[17-Sep-2018 12:19:24 UTC] PHP Warning:  Illegal string offset 'corporationname' in /home/ubuntu/workspace/Cruzados_Eve/users/whoami.php on line 9
[17-Sep-2018 12:19:24 UTC] PHP Stack trace:
[17-Sep-2018 12:19:24 UTC] PHP   1. {main}() /home/ubuntu/workspace/Cruzados_Eve/users/whoami.php:0
[17-Sep-2018 12:19:24 UTC] PHP Warning:  Illegal string offset 'alliancename' in /home/ubuntu/workspace/Cruzados_Eve/users/whoami.php on line 8
[17-Sep-2018 12:19:24 UTC] PHP Stack trace:
[17-Sep-2018 12:19:24 UTC] PHP   1. {main}() /home/ubuntu/workspace/Cruzados_Eve/users/whoami.php:0
[17-Sep-2018 12:19:24 UTC] PHP Warning:  Illegal string offset 'corporationname' in /home/ubuntu/workspace/Cruzados_Eve/users/whoami.php on line 9
[17-Sep-2018 12:19:24 UTC] PHP Stack trace:
[17-Sep-2018 12:19:24 UTC] PHP   1. {main}() /home/ubuntu/workspace/Cruzados_Eve/users/whoami.php:0
[17-Sep-2018 12:19:24 UTC] PHP Warning:  Illegal string offset 'alliancename' in /home/ubuntu/workspace/Cruzados_Eve/users/whoami.php on line 8
[17-Sep-2018 12:19:24 UTC] PHP Stack trace:
[17-Sep-2018 12:19:24 UTC] PHP   1. {main}() /home/ubuntu/workspace/Cruzados_Eve/users/whoami.php:0
[17-Sep-2018 12:19:24 UTC] PHP Warning:  Illegal string offset 'corporationname' in /home/ubuntu/workspace/Cruzados_Eve/users/whoami.php on line 9
[17-Sep-2018 12:19:24 UTC] PHP Stack trace:
[17-Sep-2018 12:19:24 UTC] PHP   1. {main}() /home/ubuntu/workspace/Cruzados_Eve/users/whoami.php:0
[17-Sep-2018 12:19:41 UTC] PHP Catchable fatal error:  Object of class stdClass could not be converted to string in /home/ubuntu/workspace/Cruzados_Eve/users/whoami.php on line 6
[17-Sep-2018 12:19:41 UTC] PHP Stack trace:
[17-Sep-2018 12:19:41 UTC] PHP   1. {main}() /home/ubuntu/workspace/Cruzados_Eve/users/whoami.php:0
[17-Sep-2018 12:21:21 UTC] PHP Warning:  Illegal string offset 'alliancename' in /home/ubuntu/workspace/Cruzados_Eve/users/whoami.php on line 10
[17-Sep-2018 12:21:21 UTC] PHP Stack trace:
[17-Sep-2018 12:21:21 UTC] PHP   1. {main}() /home/ubuntu/workspace/Cruzados_Eve/users/whoami.php:0
[17-Sep-2018 12:21:21 UTC] PHP Warning:  Illegal string offset 'corporationname' in /home/ubuntu/workspace/Cruzados_Eve/users/whoami.php on line 11
[17-Sep-2018 12:21:21 UTC] PHP Stack trace:
[17-Sep-2018 12:21:21 UTC] PHP   1. {main}() /home/ubuntu/workspace/Cruzados_Eve/users/whoami.php:0
[17-Sep-2018 12:21:21 UTC] PHP Warning:  Illegal string offset 'alliancename' in /home/ubuntu/workspace/Cruzados_Eve/users/whoami.php on line 10
[17-Sep-2018 12:21:21 UTC] PHP Stack trace:
[17-Sep-2018 12:21:21 UTC] PHP   1. {main}() /home/ubuntu/workspace/Cruzados_Eve/users/whoami.php:0
[17-Sep-2018 12:21:21 UTC] PHP Warning:  Illegal string offset 'corporationname' in /home/ubuntu/workspace/Cruzados_Eve/users/whoami.php on line 11
[17-Sep-2018 12:21:21 UTC] PHP Stack trace:
[17-Sep-2018 12:21:21 UTC] PHP   1. {main}() /home/ubuntu/workspace/Cruzados_Eve/users/whoami.php:0
[17-Sep-2018 12:21:21 UTC] PHP Warning:  Illegal string offset 'alliancename' in /home/ubuntu/workspace/Cruzados_Eve/users/whoami.php on line 10
[17-Sep-2018 12:21:21 UTC] PHP Stack trace:
[17-Sep-2018 12:21:21 UTC] PHP   1. {main}() /home/ubuntu/workspace/Cruzados_Eve/users/whoami.php:0
[17-Sep-2018 12:21:21 UTC] PHP Warning:  Illegal string offset 'corporationname' in /home/ubuntu/workspace/Cruzados_Eve/users/whoami.php on line 11
[17-Sep-2018 12:21:21 UTC] PHP Stack trace:
[17-Sep-2018 12:21:21 UTC] PHP   1. {main}() /home/ubuntu/workspace/Cruzados_Eve/users/whoami.php:0
[17-Sep-2018 12:21:21 UTC] PHP Warning:  Illegal string offset 'alliancename' in /home/ubuntu/workspace/Cruzados_Eve/users/whoami.php on line 10
[17-Sep-2018 12:21:21 UTC] PHP Stack trace:
[17-Sep-2018 12:21:21 UTC] PHP   1. {main}() /home/ubuntu/workspace/Cruzados_Eve/users/whoami.php:0
[17-Sep-2018 12:21:21 UTC] PHP Warning:  Illegal string offset 'corporationname' in /home/ubuntu/workspace/Cruzados_Eve/users/whoami.php on line 11
[17-Sep-2018 12:21:21 UTC] PHP Stack trace:
[17-Sep-2018 12:21:21 UTC] PHP   1. {main}() /home/ubuntu/workspace/Cruzados_Eve/users/whoami.php:0
[17-Sep-2018 12:21:21 UTC] PHP Warning:  Illegal string offset 'alliancename' in /home/ubuntu/workspace/Cruzados_Eve/users/whoami.php on line 10
[17-Sep-2018 12:21:21 UTC] PHP Stack trace:
[17-Sep-2018 12:21:21 UTC] PHP   1. {main}() /home/ubuntu/workspace/Cruzados_Eve/users/whoami.php:0
[17-Sep-2018 12:21:21 UTC] PHP Warning:  Illegal string offset 'corporationname' in /home/ubuntu/workspace/Cruzados_Eve/users/whoami.php on line 11
[17-Sep-2018 12:21:21 UTC] PHP Stack trace:
[17-Sep-2018 12:21:21 UTC] PHP   1. {main}() /home/ubuntu/workspace/Cruzados_Eve/users/whoami.php:0
[17-Sep-2018 12:27:55 UTC] PHP Parse error:  syntax error, unexpected 'print_r' (T_STRING), expecting ',' or ';' in /home/ubuntu/workspace/Cruzados_Eve/users/whoami.php on line 25
[17-Sep-2018 12:38:59 UTC] PHP Parse error:  syntax error, unexpected end of file in /home/ubuntu/workspace/Cruzados_Eve/users/whoami.php on line 26
[17-Sep-2018 12:39:45 UTC] PHP Parse error:  syntax error, unexpected '' (T_ENCAPSED_AND_WHITESPACE), expecting identifier (T_STRING) or variable (T_VARIABLE) or number (T_NUM_STRING) in /home/ubuntu/workspace/Cruzados_Eve/users/whoami.php on line 13
